0 info it worked if it ends with ok
1 verbose cli [ 'C:\\Program Files\\nodejs\\\\node.exe',
1 verbose cli   'C:\\Program Files\\nodejs\\node_modules\\npm\\bin\\npm-cli.js',
1 verbose cli   'install',
1 verbose cli   '-g',
1 verbose cli   'superviser' ]
2 info using npm@1.3.14
3 info using node@v0.10.22
4 verbose node symlink C:\Program Files\nodejs\\node.exe
5 verbose cache add [ 'superviser', null ]
6 verbose cache add name=undefined spec="superviser" args=["superviser",null]
7 verbose parsed url { protocol: null,
7 verbose parsed url   slashes: null,
7 verbose parsed url   auth: null,
7 verbose parsed url   host: null,
7 verbose parsed url   port: null,
7 verbose parsed url   hostname: null,
7 verbose parsed url   hash: null,
7 verbose parsed url   search: null,
7 verbose parsed url   query: null,
7 verbose parsed url   pathname: 'superviser',
7 verbose parsed url   path: 'superviser',
7 verbose parsed url   href: 'superviser' }
8 silly lockFile f746c1c8-superviser superviser
9 verbose lock superviser C:\Users\hekexue\AppData\Roaming\npm-cache\f746c1c8-superviser.lock
10 silly lockFile f746c1c8-superviser superviser
11 silly lockFile f746c1c8-superviser superviser
12 verbose addNamed [ 'superviser', '' ]
13 verbose addNamed [ null, '*' ]
14 silly lockFile 4ca9c841-superviser superviser@
15 verbose lock superviser@ C:\Users\hekexue\AppData\Roaming\npm-cache\4ca9c841-superviser.lock
16 silly addNameRange { name: 'superviser', range: '*', hasData: false }
17 verbose url raw superviser
18 verbose url resolving [ 'https://registry.npmjs.org/', './superviser' ]
19 verbose url resolved https://registry.npmjs.org/superviser
20 info trying registry request attempt 1 at 15:10:14
21 http GET https://registry.npmjs.org/superviser
22 http 404 https://registry.npmjs.org/superviser
23 silly registry.get cb [ 404,
23 silly registry.get   { date: 'Wed, 02 Apr 2014 07:10:24 GMT',
23 silly registry.get     server: 'CouchDB/1.5.0 (Erlang OTP/R14B04)',
23 silly registry.get     'content-type': 'application/json',
23 silly registry.get     via: '1.1 varnish',
23 silly registry.get     'cache-control': 'max-age=0',
23 silly registry.get     'content-length': '52',
23 silly registry.get     'accept-ranges': 'bytes',
23 silly registry.get     age: '0',
23 silly registry.get     'x-served-by': 'cache-v42-ASH, cache-ty67-TYO',
23 silly registry.get     'x-cache': 'MISS, MISS',
23 silly registry.get     'x-cache-hits': '0, 0',
23 silly registry.get     'x-timer': 'S1396422624.151166201,VS0,VS87,VE95,VE187',
23 silly registry.get     'keep-alive': 'timeout=10, max=50',
23 silly registry.get     connection: 'Keep-Alive' } ]
24 silly lockFile 4ca9c841-superviser superviser@
25 silly lockFile 4ca9c841-superviser superviser@
26 error 404 'superviser' is not in the npm registry.
26 error 404 You should bug the author to publish it
26 error 404
26 error 404 Note that you can also install from a
26 error 404 tarball, folder, or http url, or git url.
27 error System Windows_NT 6.1.7601
28 error command "C:\\Program Files\\nodejs\\\\node.exe" "C:\\Program Files\\nodejs\\node_modules\\npm\\bin\\npm-cli.js" "install" "-g" "superviser"
29 error cwd E:\ekp\stewardship
30 error node -v v0.10.22
31 error npm -v 1.3.14
32 error code E404
33 verbose exit [ 1, true ]
